2026-01-06 18:03:33,295 - DEBUG - logger debug message
2026-01-06 18:03:33,296 - INFO - logger info message
2026-01-06 18:03:33,296 - CRITICAL - logger critical message
2026-01-06 18:03:33,296 - WARNING - logger warning message
2026-01-06 18:03:33,296 - ERROR - logger error message
2026-01-06 18:05:58,186 - DEBUG - logger debug message
2026-01-06 18:05:58,186 - INFO - logger info message
2026-01-06 18:05:58,187 - CRITICAL - logger critical message
2026-01-06 18:05:58,187 - WARNING - logger warning message
2026-01-06 18:05:58,187 - ERROR - logger error message
2026-01-06 18:08:38,852 - DEBUG - logger debug message
2026-01-06 18:08:38,852 - INFO - logger info message
2026-01-06 18:08:38,852 - CRITICAL - logger critical message
2026-01-06 18:08:38,866 - WARNING - logger warning message
2026-01-06 18:08:38,867 - ERROR - logger error message
2026-01-06 18:14:09,931 - DEBUG - logger debug message
2026-01-06 18:14:09,932 - INFO - logger info message
2026-01-06 18:14:09,932 - CRITICAL - logger critical message
2026-01-06 18:14:09,933 - WARNING - logger warning message
2026-01-06 18:14:09,933 - ERROR - logger error message
2026-01-06 18:14:40,479 - DEBUG - logger debug message
2026-01-06 18:14:40,479 - INFO - logger info message
2026-01-06 18:14:40,479 - CRITICAL - logger critical message
2026-01-06 18:14:40,480 - WARNING - logger warning message
2026-01-06 18:14:40,480 - ERROR - logger error message
2026-01-06 18:14:40,480 - DEBUG - logger RotatingFileHandlerdebug message
2026-01-06 18:14:40,481 - INFO - logger RotatingFileHandler info message
2026-01-06 18:14:40,481 - CRITICAL - logger RotatingFileHandler critical message
2026-01-06 18:14:40,481 - WARNING - logger RotatingFileHandler warning message
2026-01-06 18:14:40,482 - ERROR - logger RotatingFileHandler error message
